0 info it worked if it ends with ok
1 verbose cli [ 'node', '/usr/local/bin/npm', 'install', '-g', 'jasmine' ]
2 info using npm@1.4.28
3 info using node@v0.10.32
4 verbose cache add [ 'jasmine', null ]
5 verbose cache add name=undefined spec="jasmine" args=["jasmine",null]
6 verbose parsed url { protocol: null,
6 verbose parsed url   slashes: null,
6 verbose parsed url   auth: null,
6 verbose parsed url   host: null,
6 verbose parsed url   port: null,
6 verbose parsed url   hostname: null,
6 verbose parsed url   hash: null,
6 verbose parsed url   search: null,
6 verbose parsed url   query: null,
6 verbose parsed url   pathname: 'jasmine',
6 verbose parsed url   path: 'jasmine',
6 verbose parsed url   href: 'jasmine' }
7 silly lockFile 5bfd08bd-jasmine jasmine
8 verbose lock jasmine /Users/mileshochstein/.npm/5bfd08bd-jasmine.lock
9 silly lockFile 5bfd08bd-jasmine jasmine
10 silly lockFile 5bfd08bd-jasmine jasmine
11 verbose addNamed [ 'jasmine', '' ]
12 verbose addNamed [ null, '*' ]
13 silly lockFile fdd358a6-jasmine jasmine@
14 verbose lock jasmine@ /Users/mileshochstein/.npm/fdd358a6-jasmine.lock
15 silly addNameRange { name: 'jasmine', range: '*', hasData: false }
16 verbose request where is /jasmine
17 verbose request registry https://registry.npmjs.org/
18 verbose request id c385523f660ccbd4
19 verbose url raw /jasmine
20 verbose url resolving [ 'https://registry.npmjs.org/', './jasmine' ]
21 verbose url resolved https://registry.npmjs.org/jasmine
22 verbose request where is https://registry.npmjs.org/jasmine
23 info trying registry request attempt 1 at 08:57:53
24 verbose etag "8ZIBTEPQ3N4MUFV4UNFP3TOHG"
25 http GET https://registry.npmjs.org/jasmine
26 http 304 https://registry.npmjs.org/jasmine
27 silly registry.get cb [ 304,
27 silly registry.get   { date: 'Fri, 09 Jan 2015 16:57:54 GMT',
27 silly registry.get     server: 'Apache',
27 silly registry.get     via: '1.1 varnish',
27 silly registry.get     'last-modified': 'Fri, 09 Jan 2015 16:57:54 GMT',
27 silly registry.get     'cache-control': 'max-age=60',
27 silly registry.get     etag: '"8ZIBTEPQ3N4MUFV4UNFP3TOHG"',
27 silly registry.get     age: '0',
27 silly registry.get     'x-served-by': 'cache-sjc3128-SJC',
27 silly registry.get     'x-cache': 'HIT',
27 silly registry.get     'x-cache-hits': '1',
27 silly registry.get     'x-timer': 'S1420822674.270365,VS0,VE90',
27 silly registry.get     vary: 'Accept',
27 silly registry.get     'content-length': '0',
27 silly registry.get     'keep-alive': 'timeout=10, max=50',
27 silly registry.get     connection: 'Keep-Alive' } ]
28 verbose etag https://registry.npmjs.org/jasmine from cache
29 silly addNameRange number 2 { name: 'jasmine', range: '*', hasData: true }
30 silly addNameRange versions [ 'jasmine', [ '2.0.1', '2.1.0', '2.1.1' ] ]
31 verbose addNamed [ 'jasmine', '2.1.1' ]
32 verbose addNamed [ '2.1.1', '2.1.1' ]
33 silly lockFile 4d347a3e-jasmine-2-1-1 jasmine@2.1.1
34 verbose lock jasmine@2.1.1 /Users/mileshochstein/.npm/4d347a3e-jasmine-2-1-1.lock
35 silly lockFile 4d347a3e-jasmine-2-1-1 jasmine@2.1.1
36 silly lockFile 4d347a3e-jasmine-2-1-1 jasmine@2.1.1
37 silly lockFile fdd358a6-jasmine jasmine@
38 silly lockFile fdd358a6-jasmine jasmine@
39 silly resolved [ { name: 'jasmine',
39 silly resolved     description: 'Command line jasmine',
39 silly resolved     homepage: 'http://jasmine.github.io/',
39 silly resolved     keywords: [ 'test', 'jasmine', 'tdd', 'bdd' ],
39 silly resolved     version: '2.1.1',
39 silly resolved     repository: { type: 'git', url: 'https://github.com/pivotal/jasmine-npm' },
39 silly resolved     dependencies: { 'jasmine-core': '~2.1.0', glob: '^3.2.11' },
39 silly resolved     bin: { jasmine: './bin/jasmine.js' },
39 silly resolved     main: './lib/jasmine.js',
39 silly resolved     devDependencies:
39 silly resolved      { grunt: '~0.4.2',
39 silly resolved        'grunt-cli': '~0.1.13',
39 silly resolved        'grunt-contrib-jshint': '~0.8.0',
39 silly resolved        'grunt-contrib-copy': '~0.5.0',
39 silly resolved        shelljs: '~0.2.6' },
39 silly resolved     gitHead: 'cb109c4409ce66ece6e4bca8ba6d90dbc52c94e7',
39 silly resolved     bugs: { url: 'https://github.com/pivotal/jasmine-npm/issues' },
39 silly resolved     _id: 'jasmine@2.1.1',
39 silly resolved     scripts: {},
39 silly resolved     _shasum: '9db8b17d54c7a30266feaf3a015f32812cb81748',
39 silly resolved     _from: 'jasmine@',
39 silly resolved     _npmVersion: '1.4.28',
39 silly resolved     _npmUser: { name: 'amavisca', email: 'chris.amavisca@gmail.com' },
39 silly resolved     maintainers: [ [Object], [Object], [Object] ],
39 silly resolved     dist:
39 silly resolved      { shasum: '9db8b17d54c7a30266feaf3a015f32812cb81748',
39 silly resolved        tarball: 'http://registry.npmjs.org/jasmine/-/jasmine-2.1.1.tgz' },
39 silly resolved     directories: {},
39 silly resolved     _resolved: 'https://registry.npmjs.org/jasmine/-/jasmine-2.1.1.tgz',
39 silly resolved     readme: 'ERROR: No README data found!' } ]
40 info install jasmine@2.1.1 into /usr/local/lib
41 info installOne jasmine@2.1.1
42 verbose lib/node_modules/jasmine unbuild
43 verbose tar unpack /Users/mileshochstein/.npm/jasmine/2.1.1/package.tgz
44 silly lockFile e079703c-r-local-lib-node-modules-jasmine tar:///usr/local/lib/node_modules/jasmine
45 verbose lock tar:///usr/local/lib/node_modules/jasmine /Users/mileshochstein/.npm/e079703c-r-local-lib-node-modules-jasmine.lock
46 silly lockFile 0c3c5db6-in-npm-jasmine-2-1-1-package-tgz tar:///Users/mileshochstein/.npm/jasmine/2.1.1/package.tgz
47 verbose lock tar:///Users/mileshochstein/.npm/jasmine/2.1.1/package.tgz /Users/mileshochstein/.npm/0c3c5db6-in-npm-jasmine-2-1-1-package-tgz.lock
48 silly gunzTarPerm modes [ '755', '644' ]
49 error Error: EACCES, mkdir '/usr/local/lib/node_modules/jasmine'
49 error  { [Error: EACCES, mkdir '/usr/local/lib/node_modules/jasmine']
49 error   errno: 3,
49 error   code: 'EACCES',
49 error   path: '/usr/local/lib/node_modules/jasmine',
49 error   fstream_type: 'Directory',
49 error   fstream_path: '/usr/local/lib/node_modules/jasmine',
49 error   fstream_class: 'DirWriter',
49 error   fstream_stack:
49 error    [ '/usr/local/lib/node_modules/npm/node_modules/fstream/lib/dir-writer.js:36:23',
49 error      '/usr/local/lib/node_modules/npm/node_modules/mkdirp/index.js:46:53',
49 error      'Object.oncomplete (fs.js:107:15)' ] }
50 error Please try running this command again as root/Administrator.
51 error System Darwin 14.0.0
52 error command "node" "/usr/local/bin/npm" "install" "-g" "jasmine"
53 error cwd /Users/mileshochstein/Documents/Projects
54 error node -v v0.10.32
55 error npm -v 1.4.28
56 error path /usr/local/lib/node_modules/jasmine
57 error fstream_path /usr/local/lib/node_modules/jasmine
58 error fstream_type Directory
59 error fstream_class DirWriter
60 error code EACCES
61 error errno 3
62 error stack Error: EACCES, mkdir '/usr/local/lib/node_modules/jasmine'
63 error fstream_stack /usr/local/lib/node_modules/npm/node_modules/fstream/lib/dir-writer.js:36:23
63 error fstream_stack /usr/local/lib/node_modules/npm/node_modules/mkdirp/index.js:46:53
63 error fstream_stack Object.oncomplete (fs.js:107:15)
64 verbose exit [ 3, true ]
